# JRE version: Java(TM) SE Runtime Environment (8.0_45-b15) (build 1.8.0_45-b15)
# Java VM: Java HotSpot(TM) 64-Bit Server VM (25.45-b02 mixed mode windows-amd64 compressed oops)
Heap:
 PSYoungGen      total 140800K, used 10746K [0x000000076b580000, 0x0000000780680000, 0x00000007c0000000)
  eden space 130048K, 0% used [0x000000076b580000,0x000000076b580000,0x0000000773480000)
  from space 10752K, 99% used [0x0000000773480000,0x0000000773efe9b0,0x0000000773f00000)
  to   space 42496K, 0% used [0x000000077dd00000,0x000000077dd00000,0x0000000780680000)
 ParOldGen       total 173568K, used 52767K [0x00000006c2000000, 0x00000006cc980000, 0x000000076b580000)
  object space 173568K, 30% used [0x00000006c2000000,0x00000006c5387e58,0x00000006cc980000)
 Metaspace       used 20547K, capacity 21050K, committed 21296K, reserved 1069056K
  class space    used 2440K, capacity 2625K, committed 2688K, reserved 1048576K
GC Heap History (10 events):
Event: 0.906 GC heap after
Heap after GC invocations=1 (full 0):
 PSYoungGen      total 75776K, used 9914K [0x000000076b580000, 0x0000000770a00000, 0x00000007c0000000)
  eden space 65024K, 0% used [0x000000076b580000,0x000000076b580000,0x000000076f500000)
  from space 10752K, 92% used [0x000000076f500000,0x000000076feae800,0x000000076ff80000)
  to   space 10752K, 0% used [0x000000076ff80000,0x000000076ff80000,0x0000000770a00000)
 ParOldGen       total 173568K, used 16K [0x00000006c2000000, 0x00000006cc980000, 0x000000076b580000)
  object space 173568K, 0% used [0x00000006c2000000,0x00000006c2004000,0x00000006cc980000)
 Metaspace       used 11626K, capacity 11858K, committed 12160K, reserved 1060864K
  class space    used 1464K, capacity 1545K, committed 1664K, reserved 1048576K
}
Event: 1.874 GC heap before
{Heap before GC invocations=2 (full 0):
 PSYoungGen      total 75776K, used 74938K [0x000000076b580000, 0x0000000770a00000, 0x00000007c0000000)
  eden space 65024K, 100% used [0x000000076b580000,0x000000076f500000,0x000000076f500000)
  from space 10752K, 92% used [0x000000076f500000,0x000000076feae800,0x000000076ff80000)
  to   space 10752K, 0% used [0x000000076ff80000,0x000000076ff80000,0x0000000770a00000)
 ParOldGen       total 173568K, used 16K [0x00000006c2000000, 0x00000006cc980000, 0x000000076b580000)
  object space 173568K, 0% used [0x00000006c2000000,0x00000006c2004000,0x00000006cc980000)
 Metaspace       used 17645K, capacity 17914K, committed 18176K, reserved 1064960K
  class space    used 2117K, capacity 2243K, committed 2304K, reserved 1048576K
Event: 1.885 GC heap after
Heap after GC invocations=2 (full 0):
 PSYoungGen      total 75776K, used 10676K [0x000000076b580000, 0x0000000774980000, 0x00000007c0000000)
  eden space 65024K, 0% used [0x000000076b580000,0x000000076b580000,0x000000076f500000)
  from space 10752K, 99% used [0x000000076ff80000,0x00000007709ed300,0x0000000770a00000)
  to   space 10752K, 0% used [0x000000076f500000,0x000000076f500000,0x000000076ff80000)
 ParOldGen       total 173568K, used 32K [0x00000006c2000000, 0x00000006cc980000, 0x000000076b580000)
  object space 173568K, 0% used [0x00000006c2000000,0x00000006c2008000,0x00000006cc980000)
 Metaspace       used 17645K, capacity 17914K, committed 18176K, reserved 1064960K
  class space    used 2117K, capacity 2243K, committed 2304K, reserved 1048576K
}
Event: 2.565 GC heap before
{Heap before GC invocations=3 (full 0):
 PSYoungGen      total 75776K, used 75700K [0x000000076b580000, 0x0000000774980000, 0x00000007c0000000)
  eden space 65024K, 100% used [0x000000076b580000,0x000000076f500000,0x000000076f500000)
  from space 10752K, 99% used [0x000000076ff80000,0x00000007709ed300,0x0000000770a00000)
  to   space 10752K, 0% used [0x000000076f500000,0x000000076f500000,0x000000076ff80000)
 ParOldGen       total 173568K, used 32K [0x00000006c2000000, 0x00000006cc980000, 0x000000076b580000)
  object space 173568K, 0% used [0x00000006c2000000,0x00000006c2008000,0x00000006cc980000)
 Metaspace       used 18289K, capacity 18604K, committed 18944K, reserved 1067008K
  class space    used 2135K, capacity 2278K, committed 2304K, reserved 1048576K
Event: 2.573 GC heap after
Heap after GC invocations=3 (full 0):
 PSYoungGen      total 75776K, used 10746K [0x000000076b580000, 0x0000000774980000, 0x00000007c0000000)
  eden space 65024K, 0% used [0x000000076b580000,0x000000076b580000,0x000000076f500000)
  from space 10752K, 99% used [0x000000076f500000,0x000000076ff7e990,0x000000076ff80000)
  to   space 10752K, 0% used [0x0000000773f00000,0x0000000773f00000,0x0000000774980000)
 ParOldGen       total 173568K, used 283K [0x00000006c2000000, 0x00000006cc980000, 0x000000076b580000)
  object space 173568K, 0% used [0x00000006c2000000,0x00000006c2046dc0,0x00000006cc980000)
 Metaspace       used 18289K, capacity 18604K, committed 18944K, reserved 1067008K
  class space    used 2135K, capacity 2278K, committed 2304K, reserved 1048576K
}
Event: 3.339 GC heap before
{Heap before GC invocations=4 (full 0):
 PSYoungGen      total 75776K, used 70066K [0x000000076b580000, 0x0000000774980000, 0x00000007c0000000)
  eden space 65024K, 91% used [0x000000076b580000,0x000000076ef6dfe0,0x000000076f500000)
  from space 10752K, 99% used [0x000000076f500000,0x000000076ff7e990,0x000000076ff80000)
  to   space 10752K, 0% used [0x0000000773f00000,0x0000000773f00000,0x0000000774980000)
 ParOldGen       total 173568K, used 283K [0x00000006c2000000, 0x00000006cc980000, 0x000000076b580000)
  object space 173568K, 0% used [0x00000006c2000000,0x00000006c2046dc0,0x00000006cc980000)
 Metaspace       used 20495K, capacity 20954K, committed 21296K, reserved 1069056K
  class space    used 2433K, capacity 2593K, committed 2688K, reserved 1048576K
Event: 3.356 GC heap after
Heap after GC invocations=4 (full 0):
 PSYoungGen      total 140800K, used 10748K [0x000000076b580000, 0x0000000774980000, 0x00000007c0000000)
  eden space 130048K, 0% used [0x000000076b580000,0x000000076b580000,0x0000000773480000)
  from space 10752K, 99% used [0x0000000773f00000,0x000000077497f078,0x0000000774980000)
  to   space 10752K, 0% used [0x0000000773480000,0x0000000773480000,0x0000000773f00000)
 ParOldGen       total 173568K, used 33183K [0x00000006c2000000, 0x00000006cc980000, 0x000000076b580000)
  object space 173568K, 19% used [0x00000006c2000000,0x00000006c4067e68,0x00000006cc980000)
 Metaspace       used 20495K, capacity 20954K, committed 21296K, reserved 1069056K
  class space    used 2433K, capacity 2593K, committed 2688K, reserved 1048576K
}
Event: 3.361 GC heap before
{Heap before GC invocations=5 (full 0):
 PSYoungGen      total 140800K, used 23054K [0x000000076b580000, 0x0000000774980000, 0x00000007c0000000)
  eden space 130048K, 9% used [0x000000076b580000,0x000000076c184b18,0x0000000773480000)
  from space 10752K, 99% used [0x0000000773f00000,0x000000077497f078,0x0000000774980000)
  to   space 10752K, 0% used [0x0000000773480000,0x0000000773480000,0x0000000773f00000)
 ParOldGen       total 173568K, used 33183K [0x00000006c2000000, 0x00000006cc980000, 0x000000076b580000)
  object space 173568K, 19% used [0x00000006c2000000,0x00000006c4067e68,0x00000006cc980000)
 Metaspace       used 20547K, capacity 21050K, committed 21296K, reserved 1069056K
  class space    used 2440K, capacity 2625K, committed 2688K, reserved 1048576K
Event: 3.378 GC heap after
Heap after GC invocations=5 (full 0):
 PSYoungGen      total 140800K, used 10746K [0x000000076b580000, 0x0000000780680000, 0x00000007c0000000)
  eden space 130048K, 0% used [0x000000076b580000,0x000000076b580000,0x0000000773480000)
  from space 10752K, 99% used [0x0000000773480000,0x0000000773efe9b0,0x0000000773f00000)
  to   space 42496K, 0% used [0x000000077dd00000,0x000000077dd00000,0x0000000780680000)
 ParOldGen       total 173568K, used 52767K [0x00000006c2000000, 0x00000006cc980000, 0x000000076b580000)
  object space 173568K, 30% used [0x00000006c2000000,0x00000006c5387e58,0x00000006cc980000)
 Metaspace       used 20547K, capacity 21050K, committed 21296K, reserved 1069056K
  class space    used 2440K, capacity 2625K, committed 2688K, reserved 1048576K
}
Event: 3.378 GC heap before
{Heap before GC invocations=6 (full 1):
 PSYoungGen      total 140800K, used 10746K [0x000000076b580000, 0x0000000780680000, 0x00000007c0000000)
  eden space 130048K, 0% used [0x000000076b580000,0x000000076b580000,0x0000000773480000)
  from space 10752K, 99% used [0x0000000773480000,0x0000000773efe9b0,0x0000000773f00000)
  to   space 42496K, 0% used [0x000000077dd00000,0x000000077dd00000,0x0000000780680000)
 ParOldGen       total 173568K, used 52767K [0x00000006c2000000, 0x00000006cc980000, 0x000000076b580000)
  object space 173568K, 30% used [0x00000006c2000000,0x00000006c5387e58,0x00000006cc980000)
 Metaspace       used 20547K, capacity 21050K, committed 21296K, reserved 1069056K
  class space    used 2440K, capacity 2625K, committed 2688K, reserved 1048576K

